#
# There is insufficient memory for the Java Runtime Environment to continue.
# Native memory allocation (mmap) failed to map 264241152 bytes for G1 virtual space
# Possible reasons:
#   The system is out of physical RAM or swap space
#   The process is running with CompressedOops enabled, and the Java Heap may be blocking the growth of the native heap
# Possible solutions:
#   Reduce memory load on the system
#   Increase physical memory or swap space
#   Check if swap backing store is full
#   Decrease Java heap size (-Xmx/-Xms)
#   Decrease number of Java threads
#   Decrease Java thread stack sizes (-Xss)
#   Set larger code cache with -XX:ReservedCodeCacheSize=
#   JVM is running with Zero Based Compressed Oops mode in which the Java heap is
#     placed in the first 32GB address space. The Java Heap base address is the
#     maximum limit for the native heap growth. Please use -XX:HeapBaseMinAddress
#     to set the Java Heap base and to place the Java Heap above 32GB virtual address.
# This output file may be truncated or incomplete.
#
#  Out of Memory Error (os_windows.cpp:3769), pid=13416, tid=20792
#
# JRE version:  (17.0.6) (build )
# Java VM: OpenJDK 64-Bit Server VM (17.0.6+0-b2043.56-10027231, mixed mode, sharing, tiered, compressed oops, compressed class ptrs, g1 gc, windows-amd64)
# No core dump will be written. Minidumps are not enabled by default on client versions of Windows
#

---------------  S U M M A R Y ------------

Command Line: git4idea.http.GitAskPassApp Username for 'https://github.com': 

Host: 12th Gen Intel(R) Core(TM) i5-1240P, 16 cores, 15G,  Windows 11 , 64 bit Build 22621 (10.0.22621.2506)
Time: Sat Nov 25 23:02:07 2023  Windows 11 , 64 bit Build 22621 (10.0.22621.2506) elapsed time: 0.024793 seconds (0d 0h 0m 0s)

---------------  T H R E A D  ---------------

Current thread (0x0000027f36dcbe20):  JavaThread "Unknown thread" [_thread_in_vm, id=20792, stack(0x000000fa8c900000,0x000000fa8ca00000)]

Stack: [0x000000fa8c900000,0x000000fa8ca00000]
Native frames: (J=compiled Java code, j=interpreted, Vv=VM code, C=native code)
V  [jvm.dll+0x683c9a]
V  [jvm.dll+0x8427a4]
V  [jvm.dll+0x843f9e]
V  [jvm.dll+0x844603]
V  [jvm.dll+0x249b75]
V  [jvm.dll+0x680b69]
V  [jvm.dll+0x67505a]
V  [jvm.dll+0x309acb]
V  [jvm.dll+0x310f86]
V  [jvm.dll+0x3608ee]
V  [jvm.dll+0x360b1f]
V  [jvm.dll+0x2dfbf8]
V  [jvm.dll+0x2e0b64]
V  [jvm.dll+0x814091]
V  [jvm.dll+0x36e6a1]
V  [jvm.dll+0x7f35cc]
V  [jvm.dll+0x3f0e8f]
V  [jvm.dll+0x3f29d1]
C  [jli.dll+0x526b]
C  [ucrtbase.dll+0x29363]
C  [KERNEL32.DLL+0x1257d]
C  [ntdll.dll+0x5aa58]


---------------  P R O C E S S  ---------------

Threads class SMR info:
_java_thread_list=0x00007ffbbc26c058, length=0, elements={
}

Java Threads: ( => current thread )

Other Threads:
  0x0000027f36e36370 GCTaskThread "GC Thread#0" [stack: 0x000000fa8ca00000,0x000000fa8cb00000] [id=22692]
  0x0000027f36e46cf0 ConcurrentGCThread "G1 Main Marker" [stack: 0x000000fa8cb00000,0x000000fa8cc00000] [id=4888]
  0x0000027f36e47ea0 ConcurrentGCThread "G1 Conc#0" [stack: 0x000000fa8cc00000,0x000000fa8cd00000] [id=20716]

[error occurred during error reporting (printing all threads), id 0xc0000005, EXCEPTION_ACCESS_VIOLATION (0xc0000005) at pc=0x00007ffbbba20797]

VM state: not at safepoint (not fully initialized)

VM Mutex/Monitor currently owned by a thread:  ([mutex/lock_event])
[0x0000027f36dc7b00] Heap_lock - owner thread: 0x0000027f36dcbe20

Heap address: 0x0000000705c00000, size: 4004 MB, Compressed Oops mode: Zero based, Oop shift amount: 3

CDS archive(s) mapped at: [0x0000000000000000-0x0000000000000000-0x0000000000000000), size 0, SharedBaseAddress: 0x0000000800000000, ArchiveRelocationMode: 0.
Narrow klass base: 0x0000000000000000, Narrow klass shift: 0, Narrow klass range: 0x0

GC Precious Log:
<Empty>

Heap:
 garbage-first heap   total 0K, used 0K [0x0000000705c00000, 0x0000000800000000)
  region size 2048K, 0 young (0K), 0 survivors (0K)

[error occurred during error reporting (printing heap information), id 0xc0000005, EXCEPTION_ACCESS_VIOLATION (0xc0000005) at pc=0x00007ffbbbe0da89]

GC Heap History (0 events):
No events

Dll operation events (1 events):
Event: 0.017 Loaded shared library C:\Program Files\Android\Android Studio\jbr\bin\java.dll

Deoptimization events (0 events):
No events

Classes unloaded (0 events):
No events

Classes redefined (0 events):
No events

Internal exceptions (0 events):
No events

VM Operations (0 events):
No events

Events (0 events):
No events


Dynamic libraries:
0x00007ff752480000 - 0x00007ff75248a000 	C:\Program Files\Android\Android Studio\jbr\bin\java.exe
0x00007ffbf7290000 - 0x00007ffbf74a7000 	C:\WINDOWS\SYSTEM32\ntdll.dll
0x00007ffbf5be0000 - 0x00007ffbf5ca4000 	C:\WINDOWS\System32\KERNEL32.DLL
0x00007ffbf4760000 - 0x00007ffbf4b05000 	C:\WINDOWS\System32\KERNELBASE.dll
0x00007ffbf4b10000 - 0x00007ffbf4c21000 	C:\WINDOWS\System32\ucrtbase.dll
0x00007ffbcad10000 - 0x00007ffbcad27000 	C:\Program Files\Android\Android Studio\jbr\bin\jli.dll
0x00007ffbf6ce0000 - 0x00007ffbf6e8e000 	C:\WINDOWS\System32\USER32.dll
0x00007ffbf4d20000 - 0x00007ffbf4d46000 	C:\WINDOWS\System32\win32u.dll
0x00007ffbf6e90000 - 0x00007ffbf6eb9000 	C:\WINDOWS\System32\GDI32.dll
0x00007ffbf4ec0000 - 0x00007ffbf4fd9000 	C:\WINDOWS\System32\gdi32full.dll
0x00007ffbf46c0000 - 0x00007ffbf475a000 	C:\WINDOWS\System32\msvcp_win.dll
0x00007ffbca590000 - 0x00007ffbca5ab000 	C:\Program Files\Android\Android Studio\jbr\bin\VCRUNTIME140.dll
0x00007ffbcc890000 - 0x00007ffbccb23000 	C:\WINDOWS\WinSxS\amd64_microsoft.windows.common-controls_6595b64144ccf1df_6.0.22621.2506_none_270c5ae97388e100\COMCTL32.dll
0x00007ffbf4fe0000 - 0x00007ffbf5087000 	C:\WINDOWS\System32\msvcrt.dll
0x00007ffbf5a00000 - 0x00007ffbf5a31000 	C:\WINDOWS\System32\IMM32.DLL
0x00007ffbca580000 - 0x00007ffbca58c000 	C:\Program Files\Android\Android Studio\jbr\bin\vcruntime140_1.dll
0x00007ffbbae60000 - 0x00007ffbbaeed000 	C:\Program Files\Android\Android Studio\jbr\bin\msvcp140.dll
0x00007ffbbb730000 - 0x00007ffbbc39e000 	C:\Program Files\Android\Android Studio\jbr\bin\server\jvm.dll
0x00007ffbf5cb0000 - 0x00007ffbf5d61000 	C:\WINDOWS\System32\ADVAPI32.dll
0x00007ffbf5180000 - 0x00007ffbf5226000 	C:\WINDOWS\System32\sechost.dll
0x00007ffbf5d70000 - 0x00007ffbf5e87000 	C:\WINDOWS\System32\RPCRT4.dll
0x00007ffbd1620000 - 0x00007ffbd1629000 	C:\WINDOWS\SYSTEM32\WSOCK32.dll
0x00007ffbf6a40000 - 0x00007ffbf6ab1000 	C:\WINDOWS\System32\WS2_32.dll
0x00007ffbe7b90000 - 0x00007ffbe7b9a000 	C:\WINDOWS\SYSTEM32\VERSION.dll
0x00007ffbea3d0000 - 0x00007ffbea404000 	C:\WINDOWS\SYSTEM32\WINMM.dll
0x00007ffbf3690000 - 0x00007ffbf36a8000 	C:\WINDOWS\SYSTEM32\kernel.appcore.dll
0x00007ffbed440000 - 0x00007ffbed44a000 	C:\Program Files\Android\Android Studio\jbr\bin\jimage.dll
0x00007ffbf20c0000 - 0x00007ffbf22f3000 	C:\WINDOWS\SYSTEM32\DBGHELP.DLL
0x00007ffbf6ec0000 - 0x00007ffbf7249000 	C:\WINDOWS\System32\combase.dll
0x00007ffbf5090000 - 0x00007ffbf5167000 	C:\WINDOWS\System32\OLEAUT32.dll
0x00007ffbe9970000 - 0x00007ffbe99a2000 	C:\WINDOWS\SYSTEM32\dbgcore.DLL
0x00007ffbf4ca0000 - 0x00007ffbf4d1a000 	C:\WINDOWS\System32\bcryptPrimitives.dll
0x00007ffbe5360000 - 0x00007ffbe5385000 	C:\Program Files\Android\Android Studio\jbr\bin\java.dll

dbghelp: loaded successfully - version: 4.0.5 - missing functions: none
symbol engine: initialized successfully - sym options: 0x614 - pdb path: .;C:\Program Files\Android\Android Studio\jbr\bin;C:\WINDOWS\SYSTEM32;C:\WINDOWS\WinSxS\amd64_microsoft.windows.common-controls_6595b64144ccf1df_6.0.22621.2506_none_270c5ae97388e100;C:\Program Files\Android\Android Studio\jbr\bin\server

VM Arguments:
java_command: git4idea.http.GitAskPassApp Username for 'https://github.com': 
java_class_path (initial): C:/Program Files/Android/Android Studio/plugins/vcs-git/lib/git4idea-rt.jar;C:/Program Files/Android/Android Studio/lib/externalProcess-rt.jar;C:/Program Files/Android/Android Studio/lib/app.jar;C:/Program Files/Android/Android Studio/lib/3rd-party-rt.jar
Launcher Type: SUN_STANDARD

[Global flags]
     intx CICompilerCount                          = 12                                        {product} {ergonomic}
     uint ConcGCThreads                            = 3                                         {product} {ergonomic}
     uint G1ConcRefinementThreads                  = 13                                        {product} {ergonomic}
   size_t G1HeapRegionSize                         = 2097152                                   {product} {ergonomic}
    uintx GCDrainStackTargetSize                   = 64                                        {product} {ergonomic}
   size_t InitialHeapSize                          = 264241152                                 {product} {ergonomic}
   size_t MarkStackSize                            = 4194304                                   {product} {ergonomic}
   size_t MaxHeapSize                              = 4198498304                                {product} {ergonomic}
   size_t MinHeapDeltaBytes                        = 2097152                                   {product} {ergonomic}
   size_t MinHeapSize                              = 8388608                                   {product} {ergonomic}
    uintx NonNMethodCodeHeapSize                   = 7602480                                {pd product} {ergonomic}
    uintx NonProfiledCodeHeapSize                  = 122027880                              {pd product} {ergonomic}
    uintx ProfiledCodeHeapSize                     = 122027880                              {pd product} {ergonomic}
    uintx ReservedCodeCacheSize                    = 251658240                              {pd product} {ergonomic}
     bool SegmentedCodeCache                       = true                                      {product} {ergonomic}
   size_t SoftMaxHeapSize                          = 4198498304                             {manageable} {ergonomic}
     bool UseCompressedClassPointers               = true                           {product lp64_product} {ergonomic}
     bool UseCompressedOops                        = true                           {product lp64_product} {ergonomic}
     bool UseG1GC                                  = true                                      {product} {ergonomic}
     bool UseLargePagesIndividualAllocation        = false                                  {pd product} {ergonomic}

Logging:
Log output configuration:
 #0: stdout all=warning uptime,level,tags
 #1: stderr all=off uptime,level,tags

Environment Variables:
JAVA_HOME=C:\Program Files\Java\jdk-17
CLASSPATH=C:\Program Files\Java\jdk-17\lib
PATH=C:\Program Files\Git\mingw64\libexec\git-core;C:\Program Files\Git\mingw64\libexec\git-core;C:\Program Files\Git\mingw64\bin;C:\Program Files\Git\usr\bin;C:\Users\PC\bin;C:\Program Files\Java\jdk-17\bin;C:\Program Files (x86)\Common Files\Oracle\Java\javapath;C:\Users\PC\AppData\Local\Android\Sdk\tools;C:\Users\PC\AppData\Local\Android\Sdk\platform-tools;C:\Users\PC\AppData\Local\Android\Sdk\platform-tools;C:\app\PC\product\21c\dbhomeXE\bin;C:\Program Files (x86)\VMware\VMware Player\bin;C:\WINDOWS\system32;C:\WINDOWS;C:\WINDOWS\System32\Wbem;C:\WINDOWS\System32\WindowsPowerShell\v1.0;C:\WINDOWS\System32\OpenSSH;C:\Program Files (x86)\PuTTY;C:\Program Files\Common Files\Autodesk Shared;C:\Program Files\Microsoft SQL Server\120\Tools\Binn;C:\Program Files\Bandizip;C:\Program Files\Git\cmd;%ANDROID-SDK%\platform-tools;%ANDROID-SDK%\tools;C:\Program Files\Filestar;C:\ProgramData\Filestar\aliases;C:\Program Files\nodejs;C:\Users\PC\AppData\Local\Programs\Python\Python37\Scripts;C:\Users\PC\AppData\Local\Programs\Python\Python37;C:\Program Files\MySQL\MySQL Shell 8.0\bin;C:\Users\PC\AppData\Local\Programs\Python\Python310\Scripts;C:\Users\PC\AppData\Local\Programs\Python\Python310;C:\Users\PC\AppData\Local\Microsoft\WindowsApps;C:\Users\PC\AppData\Local\Programs\Microsoft VS Code\bin;C:\Program Files\JetBrains\IntelliJ IDEA Community Edition 2022.3.3\bin;C:\flutter\bin;C:\Program Files\JetBrains\PyCharm 2023.1.4\bin;C:\Users\PC\AppData\Roaming\npm
USERNAME=PC
DISPLAY=:0.0
LC_ALL=en_US.UTF-8
TERM=xterm-256color
TMPDIR=C:\Users\PC\AppData\Local\Temp
OS=Windows_NT
PROCESSOR_IDENTIFIER=Intel64 Family 6 Model 154 Stepping 3, GenuineIntel
TMP=C:\Users\PC\AppData\Local\Temp
TEMP=C:\Users\PC\AppData\Local\Temp


JNI global refs:

[error occurred during error reporting (JNI global references), id 0xc0000005, EXCEPTION_ACCESS_VIOLATION (0xc0000005) at pc=0x00007ffbbb7e7a10]


---------------  S Y S T E M  ---------------

OS:
 Windows 11 , 64 bit Build 22621 (10.0.22621.2506)
OS uptime: 3 days 11:33 hours

CPU: total 16 (initial active 16) (8 cores per cpu, 2 threads per core) family 6 model 154 stepping 3 microcode 0x423, cx8, cmov, fxsr, ht, mmx, 3dnowpref, sse, sse2, sse3, ssse3, sse4.1, sse4.2, popcnt, lzcnt, tsc, tscinvbit, avx, avx2, aes, erms, clmul, bmi1, bmi2, adx, sha, fma, vzeroupper, clflush, clflushopt, clwb

Memory: 4k page, system-wide physical 16010M (2065M free)
TotalPageFile size 24114M (AvailPageFile size 155M)
current process WorkingSet (physical memory assigned to process): 11M, peak: 11M
current process commit charge ("private bytes"): 70M, peak: 322M

vm_info: OpenJDK 64-Bit Server VM (17.0.6+0-b2043.56-10027231) for windows-amd64 JRE (17.0.6+0-b2043.56-10027231), built on Apr 28 2023 00:43:19 by "androidbuild" with MS VC++ 16.10 / 16.11 (VS2019)

END.
